2025-03-14 23:58:38,152 - INFO - 登录状态正常
2025-03-14 23:58:55,624 - INFO - 登录状态正常
2025-03-15 00:00:01,159 - INFO - 登录状态正常
2025-03-15 00:05:01,101 - INFO - 登录状态正常
2025-03-15 00:08:17,633 - INFO - 当前已登录，使用账号: 02703157732
2025-03-15 00:08:17,633 - INFO - 登录状态正常
2025-03-15 00:11:36,894 - INFO - 当前已登录，使用账号: 02703183599
2025-03-15 00:11:36,894 - INFO - 登录状态正常
2025-03-15 00:12:38,793 - INFO - 网络连通性正常，可以访问 https://www.baidu.com
2025-03-15 00:12:38,808 - INFO - 当前已登录，使用账号: 02703183599
2025-03-15 00:12:38,808 - INFO - 登录状态正常
2025-03-15 00:20:21,515 - INFO - 网络连通性正常，可以访问 https://www.baidu.com
2025-03-15 00:20:21,532 - INFO - 当前已登录，使用账号: 02703183542
2025-03-15 00:20:21,532 - INFO - 登录状态正常
2025-03-15 00:29:40,232 - INFO - 网络连通性正常，可以访问 https://www.baidu.com
2025-03-15 00:29:40,255 - INFO - 当前已登录，使用账号: 02703183542
2025-03-15 00:29:40,255 - INFO - 登录状态正常
2025-03-15 00:35:06,866 - INFO - 网络连通性正常，可以访问 https://www.baidu.com
2025-03-15 00:35:06,882 - INFO - 当前已登录，使用账号: 02703183542
2025-03-15 00:35:06,883 - INFO - 登录状态正常
2025-03-15 00:45:27,556 - ERROR - 网络连接异常，无法访问外部网站
2025-03-15 00:45:27,556 - INFO - 检测到未登录状态，尝试重新登录
2025-03-15 00:45:27,571 - INFO - 登录成功
2025-03-15 00:45:45,778 - ERROR - 网络连接异常，无法访问外部网站
2025-03-15 00:45:45,778 - INFO - 检测到未登录状态，尝试重新登录
2025-03-15 00:45:45,793 - INFO - 登录成功
2025-03-15 00:47:19,502 - INFO - 网络连通性正常，可以访问 https://www.baidu.com
2025-03-15 00:47:19,517 - INFO - 当前已登录，使用账号: 02703160959
2025-03-15 00:47:19,517 - INFO - 登录状态正常
2025-03-15 00:50:47,230 - INFO - 网络连通性正常，可以访问 https://www.baidu.com
2025-03-15 00:50:47,246 - INFO - 当前已登录，使用账号: 02703160959
2025-03-15 00:50:47,246 - INFO - 登录状态正常
2025-03-15 00:52:48,331 - INFO - 网络连通性正常，可以访问 https://www.baidu.com
2025-03-15 00:52:48,348 - INFO - 当前已登录，使用账号: 02703160959
2025-03-15 00:52:48,348 - INFO - 登录状态正常
2025-03-15 00:53:59,127 - INFO - 网络连通性正常，可以访问 https://www.baidu.com
2025-03-15 00:53:59,143 - INFO - 当前已登录，使用账号: 02703160959
2025-03-15 00:53:59,143 - INFO - 登录状态正常
2025-03-15 00:54:40,645 - INFO - 网络连通性正常，可以访问 https://www.baidu.com
2025-03-15 00:54:40,660 - INFO - 当前已登录，使用账号: 02703160959
2025-03-15 00:54:40,661 - INFO - 登录状态正常
2025-03-15 00:59:40,795 - INFO - 网络连通性正常，可以访问 https://www.baidu.com
2025-03-15 00:59:40,829 - INFO - 当前已登录，使用账号: 02703160959
2025-03-15 00:59:40,830 - INFO - 登录状态正常
2025-03-15 01:01:29,575 - INFO - 网络连通性正常，可以访问 https://www.baidu.com
2025-03-15 01:01:29,593 - INFO - 当前已登录，使用账号: 02703160959
2025-03-15 01:01:29,593 - INFO - 登录状态正常
2025-03-15 01:21:17,112 - INFO - 网络连通性正常，可以访问 https://www.baidu.com
2025-03-15 01:21:18,068 - INFO - 当前已登录，使用账号: 02703160959
2025-03-15 01:21:18,068 - INFO - 登录状态正常
2025-03-15 01:26:17,589 - INFO - 网络连通性正常，可以访问 https://www.baidu.com
2025-03-15 01:26:18,424 - INFO - 当前已登录，使用账号: 02703160959
2025-03-15 01:26:18,424 - INFO - 登录状态正常
